<?xml version="1.0" encoding="UTF-8"?>
<beans xmlns="http://www.springframework.org/schema/beans"
       xmlns:xsi="http://www.w3.org/2001/XMLSchema-instance"
       xsi:schemaLocation="http://www.springframework.org/schema/beans
        http://www.springframework.org/schema/beans/spring-beans.xsd">

    <bean id="getGenreMaxIdSQL" class="java.lang.String">
        <constructor-arg value="
        select max(id) id
        from movieland.genre;"/>
    </bean>

    <bean id="getMovieMaxIdSQL" class="java.lang.String">
        <constructor-arg value="
        select max(id) id
        from movieland.movie;"/>
    </bean>

    <bean id="getUserMaxIdSQL" class="java.lang.String">
        <constructor-arg value="
        select max(id) id
        from movieland.user;"/>
    </bean>

</beans>